<?xml version="1.0" encoding="UTF-8"?>
<!-- Generated by org.testng.reporters.JUnitXMLReporter -->
<testsuite ignored="1" hostname="Sourabh" failures="0" tests="6" name="Regression Suite" time="36.621" errors="0" timestamp="2025-10-30T16:13:08 IST">
  <testcase classname="jenkins.LoginTest" name="invalidLoginTest" time="0.39"/>
  <testcase classname="jenkins.PurchaseTest" name="verifyPurchaseFlow" time="1.184"/>
  <testcase classname="jenkins.DataDrivenLoginTest" name="testMultipleLogins" time="0.467"/>
  <testcase classname="jenkins.DataDrivenLoginTest" name="testMultipleLogins" time="0.408"/>
  <testcase classname="jenkins.DataDrivenLoginTest" name="testMultipleLogins" time="0.472"/>
  <testcase classname="jenkins.DataDrivenLoginTest" name="testMultipleLogins" time="0.365"/>
  <testcase classname="jenkins.LoginTest" name="validLoginTest" time="0.0">
    <ignored/>
  </testcase> <!-- validLoginTest -->
</testsuite> <!-- Regression Suite -->
