<?xml version="1.0" encoding="UTF-8"?>
<!-- Generated by org.testng.reporters.JUnitXMLReporter -->
<testsuite ignored="1" hostname="Sourabh" failures="0" tests="2" name="Smoke Suite" time="14.348" errors="0" timestamp="2025-10-30T16:12:31 IST">
  <testcase classname="jenkins.LoginTest" name="validLoginTest" time="0.526"/>
  <testcase classname="jenkins.LogoutTest" name="verifyLogout" time="0.619"/>
  <testcase classname="jenkins.LoginTest" name="invalidLoginTest" time="0.0">
    <ignored/>
  </testcase> <!-- invalidLoginTest -->
</testsuite> <!-- Smoke Suite -->
