<?xml version="1.0" encoding="UTF-8"?>
<testng-results ignored="0" total="8" passed="8" failed="0" skipped="0">
  <reporter-output>
  </reporter-output>
  <suite started-at="2025-10-30T16:12:17 IST" name="Ecommerce Automation Suite" finished-at="2025-10-30T16:13:08 IST" duration-ms="50993">
    <groups>
      <group name="Regression">
        <method signature="DataDrivenLoginTest.testMultipleLogins(java.lang.String,java.lang.String,boolean)[pri:0, instance:jenkins.DataDrivenLoginTest@6ab778a]" name="testMultipleLogins" class="jenkins.DataDrivenLoginTest"/>
        <method signature="LoginTest.invalidLoginTest()[pri:0, instance:jenkins.LoginTest@4c309d4d]" name="invalidLoginTest" class="jenkins.LoginTest"/>
        <method signature="PurchaseTest.verifyPurchaseFlow()[pri:0, instance:jenkins.PurchaseTest@37883b97]" name="verifyPurchaseFlow" class="jenkins.PurchaseTest"/>
      </group> <!-- Regression -->
      <group name="Smoke">
        <method signature="LoginTest.validLoginTest()[pri:0, instance:jenkins.LoginTest@45752059]" name="validLoginTest" class="jenkins.LoginTest"/>
        <method signature="LogoutTest.verifyLogout()[pri:0, instance:jenkins.LogoutTest@3b0090a4]" name="verifyLogout" class="jenkins.LogoutTest"/>
      </group> <!-- Smoke -->
    </groups>
    <test started-at="2025-10-30T16:12:17 IST" name="Smoke Suite" finished-at="2025-10-30T16:12:31 IST" duration-ms="14348">
      <class name="jenkins.LogoutTest">
        <test-method is-config="true" signature="setUp()[pri:0, instance:jenkins.LogoutTest@3b0090a4]" started-at="2025-10-30T16:12:25 IST" name="setUp" finished-at="2025-10-30T16:12:29 IST" duration-ms="4434" status="PASS">
          <reporter-output>
          </reporter-output>
        </test-method> <!-- setUp -->
        <test-method signature="verifyLogout()[pri:0, instance:jenkins.LogoutTest@3b0090a4]" started-at="2025-10-30T16:12:29 IST" name="verifyLogout" finished-at="2025-10-30T16:12:30 IST" duration-ms="619" status="PASS">
          <reporter-output>
          </reporter-output>
        </test-method> <!-- verifyLogout -->
        <test-method is-config="true" signature="tearDown()[pri:0, instance:jenkins.LogoutTest@3b0090a4]" started-at="2025-10-30T16:12:30 IST" name="tearDown" finished-at="2025-10-30T16:12:31 IST" duration-ms="1452" status="PASS">
          <reporter-output>
          </reporter-output>
        </test-method> <!-- tearDown -->
      </class> <!-- jenkins.LogoutTest -->
      <class name="jenkins.LoginTest">
        <test-method is-config="true" signature="setUp()[pri:0, instance:jenkins.LoginTest@45752059]" started-at="2025-10-30T16:12:17 IST" name="setUp" finished-at="2025-10-30T16:12:23 IST" duration-ms="5879" status="PASS">
          <reporter-output>
          </reporter-output>
        </test-method> <!-- setUp -->
        <test-method signature="validLoginTest()[pri:0, instance:jenkins.LoginTest@45752059]" started-at="2025-10-30T16:12:23 IST" name="validLoginTest" finished-at="2025-10-30T16:12:23 IST" duration-ms="526" status="PASS">
          <reporter-output>
          </reporter-output>
        </test-method> <!-- validLoginTest -->
        <test-method is-config="true" signature="tearDown()[pri:0, instance:jenkins.LoginTest@45752059]" started-at="2025-10-30T16:12:23 IST" name="tearDown" finished-at="2025-10-30T16:12:25 IST" duration-ms="1359" status="PASS">
          <reporter-output>
          </reporter-output>
        </test-method> <!-- tearDown -->
      </class> <!-- jenkins.LoginTest -->
    </test> <!-- Smoke Suite -->
    <test started-at="2025-10-30T16:12:31 IST" name="Regression Suite" finished-at="2025-10-30T16:13:08 IST" duration-ms="36621">
      <class name="jenkins.LoginTest">
        <test-method is-config="true" signature="setUp()[pri:0, instance:jenkins.LoginTest@4c309d4d]" started-at="2025-10-30T16:12:31 IST" name="setUp" finished-at="2025-10-30T16:12:36 IST" duration-ms="4224" status="PASS">
          <reporter-output>
          </reporter-output>
        </test-method> <!-- setUp -->
        <test-method signature="invalidLoginTest()[pri:0, instance:jenkins.LoginTest@4c309d4d]" started-at="2025-10-30T16:12:36 IST" name="invalidLoginTest" finished-at="2025-10-30T16:12:36 IST" duration-ms="390" status="PASS">
          <reporter-output>
          </reporter-output>
        </test-method> <!-- invalidLoginTest -->
        <test-method is-config="true" signature="tearDown()[pri:0, instance:jenkins.LoginTest@4c309d4d]" started-at="2025-10-30T16:12:36 IST" name="tearDown" finished-at="2025-10-30T16:12:37 IST" duration-ms="1350" status="PASS">
          <reporter-output>
          </reporter-output>
        </test-method> <!-- tearDown -->
      </class> <!-- jenkins.LoginTest -->
      <class name="jenkins.DataDrivenLoginTest">
        <test-method is-config="true" signature="setUp()[pri:0, instance:jenkins.DataDrivenLoginTest@6ab778a]" started-at="2025-10-30T16:12:44 IST" name="setUp" finished-at="2025-10-30T16:12:48 IST" duration-ms="4251" status="PASS">
          <reporter-output>
          </reporter-output>
        </test-method> <!-- setUp -->
        <test-method signature="testMultipleLogins(java.lang.String,java.lang.String,boolean)[pri:0, instance:jenkins.DataDrivenLoginTest@6ab778a]" started-at="2025-10-30T16:12:48 IST" name="testMultipleLogins" data-provider="loginData" finished-at="2025-10-30T16:12:48 IST" duration-ms="467" status="PASS">
          <params>
            <param index="0">
              <value>
                <![CDATA[standard_user]]>
              </value>
            </param>
            <param index="1">
              <value>
                <![CDATA[secret_sauce]]>
              </value>
            </param>
            <param index="2">
              <value>
                <![CDATA[true]]>
              </value>
            </param>
          </params>
          <reporter-output>
          </reporter-output>
        </test-method> <!-- testMultipleLogins -->
        <test-method is-config="true" signature="tearDown()[pri:0, instance:jenkins.DataDrivenLoginTest@6ab778a]" started-at="2025-10-30T16:12:48 IST" name="tearDown" finished-at="2025-10-30T16:12:50 IST" duration-ms="1387" status="PASS">
          <reporter-output>
          </reporter-output>
        </test-method> <!-- tearDown -->
        <test-method is-config="true" signature="setUp()[pri:0, instance:jenkins.DataDrivenLoginTest@6ab778a]" started-at="2025-10-30T16:12:50 IST" name="setUp" finished-at="2025-10-30T16:12:54 IST" duration-ms="4360" status="PASS">
          <reporter-output>
          </reporter-output>
        </test-method> <!-- setUp -->
        <test-method signature="testMultipleLogins(java.lang.String,java.lang.String,boolean)[pri:0, instance:jenkins.DataDrivenLoginTest@6ab778a]" started-at="2025-10-30T16:12:54 IST" name="testMultipleLogins" data-provider="loginData" finished-at="2025-10-30T16:12:55 IST" duration-ms="408" status="PASS">
          <params>
            <param index="0">
              <value>
                <![CDATA[locked_out_user]]>
              </value>
            </param>
            <param index="1">
              <value>
                <![CDATA[secret_sauce]]>
              </value>
            </param>
            <param index="2">
              <value>
                <![CDATA[false]]>
              </value>
            </param>
          </params>
          <reporter-output>
          </reporter-output>
        </test-method> <!-- testMultipleLogins -->
        <test-method is-config="true" signature="tearDown()[pri:0, instance:jenkins.DataDrivenLoginTest@6ab778a]" started-at="2025-10-30T16:12:55 IST" name="tearDown" finished-at="2025-10-30T16:12:56 IST" duration-ms="1569" status="PASS">
          <reporter-output>
          </reporter-output>
        </test-method> <!-- tearDown -->
        <test-method is-config="true" signature="setUp()[pri:0, instance:jenkins.DataDrivenLoginTest@6ab778a]" started-at="2025-10-30T16:12:56 IST" name="setUp" finished-at="2025-10-30T16:13:00 IST" duration-ms="3930" status="PASS">
          <reporter-output>
          </reporter-output>
        </test-method> <!-- setUp -->
        <test-method signature="testMultipleLogins(java.lang.String,java.lang.String,boolean)[pri:0, instance:jenkins.DataDrivenLoginTest@6ab778a]" started-at="2025-10-30T16:13:00 IST" name="testMultipleLogins" data-provider="loginData" finished-at="2025-10-30T16:13:01 IST" duration-ms="472" status="PASS">
          <params>
            <param index="0">
              <value>
                <![CDATA[problem_user]]>
              </value>
            </param>
            <param index="1">
              <value>
                <![CDATA[secret_sauce]]>
              </value>
            </param>
            <param index="2">
              <value>
                <![CDATA[true]]>
              </value>
            </param>
          </params>
          <reporter-output>
          </reporter-output>
        </test-method> <!-- testMultipleLogins -->
        <test-method is-config="true" signature="tearDown()[pri:0, instance:jenkins.DataDrivenLoginTest@6ab778a]" started-at="2025-10-30T16:13:01 IST" name="tearDown" finished-at="2025-10-30T16:13:02 IST" duration-ms="1290" status="PASS">
          <reporter-output>
          </reporter-output>
        </test-method> <!-- tearDown -->
        <test-method is-config="true" signature="setUp()[pri:0, instance:jenkins.DataDrivenLoginTest@6ab778a]" started-at="2025-10-30T16:13:02 IST" name="setUp" finished-at="2025-10-30T16:13:06 IST" duration-ms="4375" status="PASS">
          <reporter-output>
          </reporter-output>
        </test-method> <!-- setUp -->
        <test-method signature="testMultipleLogins(java.lang.String,java.lang.String,boolean)[pri:0, instance:jenkins.DataDrivenLoginTest@6ab778a]" started-at="2025-10-30T16:13:06 IST" name="testMultipleLogins" data-provider="loginData" finished-at="2025-10-30T16:13:07 IST" duration-ms="365" status="PASS">
          <params>
            <param index="0">
              <value>
                <![CDATA[invalid]]>
              </value>
            </param>
            <param index="1">
              <value>
                <![CDATA[wrong]]>
              </value>
            </param>
            <param index="2">
              <value>
                <![CDATA[false]]>
              </value>
            </param>
          </params>
          <reporter-output>
          </reporter-output>
        </test-method> <!-- testMultipleLogins -->
        <test-method is-config="true" signature="tearDown()[pri:0, instance:jenkins.DataDrivenLoginTest@6ab778a]" started-at="2025-10-30T16:13:07 IST" name="tearDown" finished-at="2025-10-30T16:13:08 IST" duration-ms="1289" status="PASS">
          <reporter-output>
          </reporter-output>
        </test-method> <!-- tearDown -->
      </class> <!-- jenkins.DataDrivenLoginTest -->
      <class name="jenkins.PurchaseTest">
        <test-method is-config="true" signature="setUp()[pri:0, instance:jenkins.PurchaseTest@37883b97]" started-at="2025-10-30T16:12:37 IST" name="setUp" finished-at="2025-10-30T16:12:41 IST" duration-ms="3927" status="PASS">
          <reporter-output>
          </reporter-output>
        </test-method> <!-- setUp -->
        <test-method signature="verifyPurchaseFlow()[pri:0, instance:jenkins.PurchaseTest@37883b97]" started-at="2025-10-30T16:12:41 IST" name="verifyPurchaseFlow" finished-at="2025-10-30T16:12:42 IST" duration-ms="1184" status="PASS">
          <reporter-output>
          </reporter-output>
        </test-method> <!-- verifyPurchaseFlow -->
        <test-method is-config="true" signature="tearDown()[pri:0, instance:jenkins.PurchaseTest@37883b97]" started-at="2025-10-30T16:12:42 IST" name="tearDown" finished-at="2025-10-30T16:12:44 IST" duration-ms="1338" status="PASS">
          <reporter-output>
          </reporter-output>
        </test-method> <!-- tearDown -->
      </class> <!-- jenkins.PurchaseTest -->
    </test> <!-- Regression Suite -->
  </suite> <!-- Ecommerce Automation Suite -->
</testng-results>
